[debug] [2024-01-07T04:48:45.703Z] ----------------------------------------------------------------------
[debug] [2024-01-07T04:48:45.708Z] Command:       C:\Program Files\nodejs\node.exe C:\Users\Dell\AppData\Roaming\npm\node_modules\firebase-tools\lib\bin\firebase.js init
[debug] [2024-01-07T04:48:45.710Z] CLI Version:   12.8.0
[debug] [2024-01-07T04:48:45.710Z] Platform:      win32
[debug] [2024-01-07T04:48:45.711Z] Node Version:  v18.12.1
[debug] [2024-01-07T04:48:45.723Z] Time:          Sun Jan 07 2024 10:48:45 GMT+0600 (Bangladesh Standard Time)
[debug] [2024-01-07T04:48:45.723Z] ----------------------------------------------------------------------
[debug] 
[debug] [2024-01-07T04:48:45.730Z] >>> [apiv2][query] GET https://firebase-public.firebaseio.com/cli.json [none]
[debug] [2024-01-07T04:48:45.849Z] > command requires scopes: ["email","openid","https://www.googleapis.com/auth/cloudplatformprojects.readonly","https://www.googleapis.com/auth/firebase","https://www.googleapis.com/auth/cloud-platform"]
[debug] [2024-01-07T04:48:45.850Z] > authorizing via signed-in user (ayeshaliza962@gmail.com)
[info] 
     ######## #### ########  ######## ########     ###     ######  ########
     ##        ##  ##     ## ##       ##     ##  ##   ##  ##       ##
     ######    ##  ########  ######   ########  #########  ######  ######
     ##        ##  ##    ##  ##       ##     ## ##     ##       ## ##
     ##       #### ##     ## ######## ########  ##     ##  ######  ########

You're about to initialize a Firebase project in this directory:

  S:\Web Developmenent\Daily-Practice\Module-58\Hotel-Management-server

[debug] [2024-01-07T04:48:46.539Z] <<< [apiv2][status] GET https://firebase-public.firebaseio.com/cli.json 200
[debug] [2024-01-07T04:48:46.540Z] <<< [apiv2][body] GET https://firebase-public.firebaseio.com/cli.json {"cloudBuildErrorAfter":1594252800000,"cloudBuildWarnAfter":1590019200000,"defaultNode10After":1594252800000,"minVersion":"3.0.5","node8DeploysDisabledAfter":1613390400000,"node8RuntimeDisabledAfter":1615809600000,"node8WarnAfter":1600128000000}
